#-----------------------------------------------------------
# Vivado v2018.2 (64-bit)
# SW Build 2258646 on Thu Jun 14 20:03:12 MDT 2018
# IP Build 2256618 on Thu Jun 14 22:10:49 MDT 2018
# Start of session at: Tue May  7 14:24:05 2024
# Process ID: 13252
# Current directory: D:/MoWaliD/FINAL PROJECT
# Command line: vivado.exe -gui_launcher_event rodinguilauncherevent14052 D:\MoWaliD\FINAL PROJECT\MP.xpr
# Log file: D:/MoWaliD/FINAL PROJECT/vivado.log
# Journal file: D:/MoWaliD/FINAL PROJECT\vivado.jou
#-----------------------------------------------------------
start_gui
open_project {D:/MoWaliD/FINAL PROJECT/MP.xpr}
Scanning sources...
Finished scanning sources
INFO: [IP_Flow 19-234] Refreshing IP repositories
INFO: [IP_Flow 19-1704] No user IP repositories specified
INFO: [IP_Flow 19-2313] Loaded Vivado IP repository 'D:/MoWaliD/vivado/Vivado/2018.2/data/ip'.
open_project: Time (s): cpu = 00:00:11 ; elapsed = 00:00:08 . Memory (MB): peak = 846.457 ; gain = 123.094
update_compile_order -fileset sources_1
exit
INFO: [Common 17-206] Exiting Vivado at Tue May  7 14:25:49 2024...
