#-----------------------------------------------------------
# Vivado v2018.2 (64-bit)
# SW Build 2258646 on Thu Jun 14 20:03:12 MDT 2018
# IP Build 2256618 on Thu Jun 14 22:10:49 MDT 2018
# Start of session at: Tue May  7 14:29:59 2024
# Process ID: 4524
# Current directory: D:/MoWaliD/FINAL PROJECT/VIVADO
# Command line: vivado.exe -gui_launcher_event rodinguilauncherevent6916 D:\MoWaliD\FINAL PROJECT\VIVADO\MP.xpr
# Log file: D:/MoWaliD/FINAL PROJECT/VIVADO/vivado.log
# Journal file: D:/MoWaliD/FINAL PROJECT/VIVADO\vivado.jou
#-----------------------------------------------------------
start_gui
open_project {D:/MoWaliD/FINAL PROJECT/VIVADO/MP.xpr}
INFO: [Project 1-313] Project file moved from 'D:/MoWaliD/FINAL PROJECT' since last save.
Scanning sources...
Finished scanning sources
INFO: [IP_Flow 19-234] Refreshing IP repositories
INFO: [IP_Flow 19-1704] No user IP repositories specified
INFO: [IP_Flow 19-2313] Loaded Vivado IP repository 'D:/MoWaliD/vivado/Vivado/2018.2/data/ip'.
open_project: Time (s): cpu = 00:00:10 ; elapsed = 00:00:05 . Memory (MB): peak = 851.633 ; gain = 106.168
update_compile_order -fileset sources_1
exit
INFO: [Common 17-206] Exiting Vivado at Tue May  7 14:31:28 2024...
